[debug] [2024-10-23T12:15:45.217Z] ----------------------------------------------------------------------
[debug] [2024-10-23T12:15:45.218Z] Command:       /Users/davidoxtoby/.nvm/versions/node/v20.17.0/bin/node /Users/davidoxtoby/.nvm/versions/node/v20.17.0/bin/firebase init
[debug] [2024-10-23T12:15:45.218Z] CLI Version:   13.22.1
[debug] [2024-10-23T12:15:45.218Z] Platform:      darwin
[debug] [2024-10-23T12:15:45.218Z] Node Version:  v20.17.0
[debug] [2024-10-23T12:15:45.218Z] Time:          Wed Oct 23 2024 13:15:45 GMT+0100 (British Summer Time)
[debug] [2024-10-23T12:15:45.218Z] ----------------------------------------------------------------------
[debug] 
[debug] [2024-10-23T12:15:45.219Z] >>> [apiv2][query] GET https://firebase-public.firebaseio.com/cli.json [none]
[debug] [2024-10-23T12:15:45.243Z] > command requires scopes: ["email","openid","https://www.googleapis.com/auth/cloudplatformprojects.readonly","https://www.googleapis.com/auth/firebase","https://www.googleapis.com/auth/cloud-platform"]
[debug] [2024-10-23T12:15:45.243Z] > authorizing via signed-in user (david@oxtobyhome.co.uk)
[info] 
     ######## #### ########  ######## ########     ###     ######  ########
     ##        ##  ##     ## ##       ##     ##  ##   ##  ##       ##
     ######    ##  ########  ######   ########  #########  ######  ######
     ##        ##  ##    ##  ##       ##     ## ##     ##       ## ##
     ##       #### ##     ## ######## ########  ##     ##  ######  ########

You're about to initialize a Firebase project in this directory:

  /Users/davidoxtoby/knowledge-base

[debug] [2024-10-23T12:15:45.488Z] <<< [apiv2][status] GET https://firebase-public.firebaseio.com/cli.json 200
[debug] [2024-10-23T12:15:45.489Z] <<< [apiv2][body] GET https://firebase-public.firebaseio.com/cli.json {"cloudBuildErrorAfter":1594252800000,"cloudBuildWarnAfter":1590019200000,"defaultNode10After":1594252800000,"minVersion":"3.0.5","node8DeploysDisabledAfter":1613390400000,"node8RuntimeDisabledAfter":1615809600000,"node8WarnAfter":1600128000000}
[info] 
=== Project Setup
[info] 
[info] First, let's associate this project directory with a Firebase project.
[info] You can create multiple project aliases by running firebase use --add, 
[info] but for now we'll just set up a default project.
[info] 
[debug] [2024-10-23T12:16:04.525Z] Checked if tokens are valid: false, expires at: 1728422458835
[debug] [2024-10-23T12:16:04.525Z] Checked if tokens are valid: false, expires at: 1728422458835
[debug] [2024-10-23T12:16:04.525Z] > refreshing access token with scopes: []
[debug] [2024-10-23T12:16:04.526Z] >>> [apiv2][query] POST https://www.googleapis.com/oauth2/v3/token [none]
[debug] [2024-10-23T12:16:04.526Z] >>> [apiv2][body] POST https://www.googleapis.com/oauth2/v3/token [omitted]
[debug] [2024-10-23T12:16:04.628Z] <<< [apiv2][status] POST https://www.googleapis.com/oauth2/v3/token 200
[debug] [2024-10-23T12:16:04.628Z] <<< [apiv2][body] POST https://www.googleapis.com/oauth2/v3/token [omitted]
[debug] [2024-10-23T12:16:04.641Z] >>> [apiv2][query] GET https://firebase.googleapis.com/v1beta1/projects pageSize=100
[debug] [2024-10-23T12:16:05.229Z] <<< [apiv2][status] GET https://firebase.googleapis.com/v1beta1/projects 200
[debug] [2024-10-23T12:16:05.229Z] <<< [apiv2][body] GET https://firebase.googleapis.com/v1beta1/projects [omitted]
[info] i  Using project yalp-77a29 (YaLP-InterviewPlanner) 
[info] 
=== Hosting Setup
[debug] [2024-10-23T12:16:08.247Z] Checked if tokens are valid: true, expires at: 1729689363628
[debug] [2024-10-23T12:16:08.247Z] Checked if tokens are valid: true, expires at: 1729689363628
[debug] [2024-10-23T12:16:08.247Z] >>> [apiv2][query] GET https://firebase.googleapis.com/v1beta1/projects/yalp-77a29 [none]
[debug] [2024-10-23T12:16:08.521Z] <<< [apiv2][status] GET https://firebase.googleapis.com/v1beta1/projects/yalp-77a29 200
[debug] [2024-10-23T12:16:08.521Z] <<< [apiv2][body] GET https://firebase.googleapis.com/v1beta1/projects/yalp-77a29 {"projectId":"yalp-77a29","projectNumber":"13179626113","displayName":"YaLP-InterviewPlanner","name":"projects/yalp-77a29","resources":{"hostingSite":"yalp-77a29","realtimeDatabaseInstance":"yalp-77a29-default-rtdb","storageBucket":"yalp-77a29.appspot.com","locationId":"europe-west"},"state":"ACTIVE","etag":"1_4d73fbd0-bc38-4a33-a390-a6fa99557ace"}
[info] 
[info] Your public directory is the folder (relative to your project directory) that
[info] will contain Hosting assets to be uploaded with firebase deploy. If you
[info] have a build process for your assets, use your build's output directory.
[info] 
[info] ✔  Wrote out/404.html 
[debug] [2024-10-23T12:16:39.580Z] >>> [apiv2][query] GET https://www.gstatic.com/firebasejs/releases.json [none]
[debug] [2024-10-23T12:16:39.643Z] <<< [apiv2][status] GET https://www.gstatic.com/firebasejs/releases.json 200
[debug] [2024-10-23T12:16:39.643Z] <<< [apiv2][body] GET https://www.gstatic.com/firebasejs/releases.json {"current":{"version":"11.0.1","browserURL":"https://www.gstatic.com/firebasejs/11.0.1/firebase.js","packageURL":"https://www.gstatic.com/firebasejs/11.0.1/firebase.tgz"},"live":{"version":"11.0","browserURL":"https://www.gstatic.com/firebasejs/live/11.0/firebase.js","packageURL":"https://www.gstatic.com/firebasejs/live/11.0/firebase.tgz"},"components":{"analytics":"https://www.gstatic.com/firebasejs/11.0.1/firebase-analytics.js","app":"https://www.gstatic.com/firebasejs/11.0.1/firebase-app.js","app-check":"https://www.gstatic.com/firebasejs/11.0.1/firebase-app-check.js","auth":"https://www.gstatic.com/firebasejs/11.0.1/firebase-auth.js","auth/cordova":"https://www.gstatic.com/firebasejs/11.0.1/firebase-auth/cordova.js","auth/web-extension":"https://www.gstatic.com/firebasejs/11.0.1/firebase-auth/web-extension.js","functions":"https://www.gstatic.com/firebasejs/11.0.1/firebase-functions.js","firestore":"https://www.gstatic.com/firebasejs/11.0.1/firebase-firestore.js","firestore/lite":"https://www.gstatic.com/firebasejs/11.0.1/firebase-firestore/lite.js","installations":"https://www.gstatic.com/firebasejs/11.0.1/firebase-installations.js","storage":"https://www.gstatic.com/firebasejs/11.0.1/firebase-storage.js","performance":"https://www.gstatic.com/firebasejs/11.0.1/firebase-performance.js","remote-config":"https://www.gstatic.com/firebasejs/11.0.1/firebase-remote-config.js","messaging":"https://www.gstatic.com/firebasejs/11.0.1/firebase-messaging.js","messaging/sw":"https://www.gstatic.com/firebasejs/11.0.1/firebase-messaging/sw.js","database":"https://www.gstatic.com/firebasejs/11.0.1/firebase-database.js","vertexai":"https://www.gstatic.com/firebasejs/11.0.1/firebase-vertexai.js","data-connect":"https://www.gstatic.com/firebasejs/11.0.1/firebase-data-connect.js","firestore.memory":"https://www.gstatic.com/firebasejs/11.0.1/firebase-firestore.memory.js"}}
[info] ✔  Wrote out/index.html 
[info] 
[info] i  Detected a .git folder at /Users/davidoxtoby/knowledge-base 
[info] i  Authorizing with GitHub to upload your service account to a GitHub repository's secrets store. 
[info] 
[info] Visit this URL on this device to log in:
[info] https://github.com/login/oauth/authorize?client_id=89cf50f02ac6aaed3484&state=358223668&redirect_uri=http%3A%2F%2Flocalhost%3A9005&scope=read%3Auser%20repo%20public_repo
[info] 
[info] Waiting for authentication...
